List of 14
 $ population_size              :List of 8
  ..$ name        : chr "population_size"
  ..$ type        : chr "i"
  ..$ domain      : int [1:2] 100 2000
  ..$ label       : chr ""
  ..$ is_dependent: logi FALSE
  ..$ isFixed     : logi FALSE
  ..$ transform   : chr ""
  ..$ condition   : logi TRUE
  ..- attr(*, "class")= chr [1:3] "ParamInt" "Parameter" "list"
 $ elite_percentage             :List of 9
  ..$ name        : chr "elite_percentage"
  ..$ type        : chr "r"
  ..$ domain      : num [1:2] 0.05 0.4
  ..$ label       : chr ""
  ..$ is_dependent: logi FALSE
  ..$ isFixed     : logi FALSE
  ..$ transform   : chr ""
  ..$ condition   : logi TRUE
  ..$ digits      : int 4
  ..- attr(*, "class")= chr [1:3] "ParamReal" "Parameter" "list"
 $ mutants_percentage           :List of 9
  ..$ name        : chr "mutants_percentage"
  ..$ type        : chr "r"
  ..$ domain      : num [1:2] 0.05 0.4
  ..$ label       : chr ""
  ..$ is_dependent: logi FALSE
  ..$ isFixed     : logi FALSE
  ..$ transform   : chr ""
  ..$ condition   : logi TRUE
  ..$ digits      : int 4
  ..- attr(*, "class")= chr [1:3] "ParamReal" "Parameter" "list"
 $ num_elite_parents            :List of 8
  ..$ name        : chr "num_elite_parents"
  ..$ type        : chr "i"
  ..$ domain      : int [1:2] 1 5
  ..$ label       : chr ""
  ..$ is_dependent: logi FALSE
  ..$ isFixed     : logi FALSE
  ..$ transform   : chr ""
  ..$ condition   : logi TRUE
  ..- attr(*, "class")= chr [1:3] "ParamInt" "Parameter" "list"
 $ total_parents                :List of 8
  ..$ name        : chr "total_parents"
  ..$ type        : chr "i"
  ..$ domain      : int [1:2] 2 10
  ..$ label       : chr ""
  ..$ is_dependent: logi FALSE
  ..$ isFixed     : logi FALSE
  ..$ transform   : chr ""
  ..$ condition   : logi TRUE
  ..- attr(*, "class")= chr [1:3] "ParamInt" "Parameter" "list"
 $ stall_offset                 :List of 8
  ..$ name        : chr "stall_offset"
  ..$ type        : chr "i"
  ..$ domain      : int [1:2] 100 500
  ..$ label       : chr ""
  ..$ is_dependent: logi FALSE
  ..$ isFixed     : logi FALSE
  ..$ transform   : chr ""
  ..$ condition   : logi TRUE
  ..- attr(*, "class")= chr [1:3] "ParamInt" "Parameter" "list"
 $ pr_percentage                :List of 9
  ..$ name        : chr "pr_percentage"
  ..$ type        : chr "r"
  ..$ domain      : num [1:2] 0.1 1
  ..$ label       : chr ""
  ..$ is_dependent: logi FALSE
  ..$ isFixed     : logi FALSE
  ..$ transform   : chr ""
  ..$ condition   : logi TRUE
  ..$ digits      : int 4
  ..- attr(*, "class")= chr [1:3] "ParamReal" "Parameter" "list"
 $ pr_minimum_distance          :List of 9
  ..$ name        : chr "pr_minimum_distance"
  ..$ type        : chr "r"
  ..$ domain      : num [1:2] 0.05 0.3
  ..$ label       : chr ""
  ..$ is_dependent: logi FALSE
  ..$ isFixed     : logi FALSE
  ..$ transform   : chr ""
  ..$ condition   : logi TRUE
  ..$ digits      : int 4
  ..- attr(*, "class")= chr [1:3] "ParamReal" "Parameter" "list"
 $ num_exchange_individuals     :List of 8
  ..$ name        : chr "num_exchange_individuals"
  ..$ type        : chr "i"
  ..$ domain      : int [1:2] 1 5
  ..$ label       : chr ""
  ..$ is_dependent: logi FALSE
  ..$ isFixed     : logi FALSE
  ..$ transform   : chr ""
  ..$ condition   : logi TRUE
  ..- attr(*, "class")= chr [1:3] "ParamInt" "Parameter" "list"
 $ alpha_block_size             :List of 9
  ..$ name        : chr "alpha_block_size"
  ..$ type        : chr "r"
  ..$ domain      : num [1:2] 0.5 1.5
  ..$ label       : chr ""
  ..$ is_dependent: logi FALSE
  ..$ isFixed     : logi FALSE
  ..$ transform   : chr ""
  ..$ condition   : logi TRUE
  ..$ digits      : int 4
  ..- attr(*, "class")= chr [1:3] "ParamReal" "Parameter" "list"
 $ reset_interval               :List of 8
  ..$ name        : chr "reset_interval"
  ..$ type        : chr "i"
  ..$ domain      : int [1:2] 50 300
  ..$ label       : chr ""
  ..$ is_dependent: logi FALSE
  ..$ isFixed     : logi FALSE
  ..$ transform   : chr ""
  ..$ condition   : logi TRUE
  ..- attr(*, "class")= chr [1:3] "ParamInt" "Parameter" "list"
 $ cantidad_chr_optimizar       :List of 8
  ..$ name        : chr "cantidad_chr_optimizar"
  ..$ type        : chr "i"
  ..$ domain      : int [1:2] 1 10
  ..$ label       : chr ""
  ..$ is_dependent: logi FALSE
  ..$ isFixed     : logi FALSE
  ..$ transform   : chr ""
  ..$ condition   : logi TRUE
  ..- attr(*, "class")= chr [1:3] "ParamInt" "Parameter" "list"
 $ time_limit_optimizacion      :List of 8
  ..$ name        : chr "time_limit_optimizacion"
  ..$ type        : chr "i"
  ..$ domain      : int [1:2] 100 2000
  ..$ label       : chr ""
  ..$ is_dependent: logi FALSE
  ..$ isFixed     : logi FALSE
  ..$ transform   : chr ""
  ..$ condition   : logi TRUE
  ..- attr(*, "class")= chr [1:3] "ParamInt" "Parameter" "list"
 $ porcentaje_tiempo_aplicar_opt:List of 9
  ..$ name        : chr "porcentaje_tiempo_aplicar_opt"
  ..$ type        : chr "r"
  ..$ domain      : num [1:2] 0.1 0.5
  ..$ label       : chr ""
  ..$ is_dependent: logi FALSE
  ..$ isFixed     : logi FALSE
  ..$ transform   : chr ""
  ..$ condition   : logi TRUE
  ..$ digits      : int 4
  ..- attr(*, "class")= chr [1:3] "ParamReal" "Parameter" "list"
Forbidden:
[[1]]
<bytecode: 0x603df78017e0>
attr(,"source")
[1] "(num_elite_parents > total_parents - 1)"

# 2025-12-14 13:16:50 -03: Initialization
# Elitist race
# Elitist new instances: 1
# Elitist limit: 2
# nbIterations: 5
# minNbSurvival: 5
# nbParameters: 14
# seed: 1389150588
# confidence level: 0.95
# budget: 1000
# mu: 5
# deterministic: FALSE

# 2025-12-14 13:16:50 -03: Iteration 1 of 5
# experimentsUsed: 0
# remainingBudget: 1000
# currentBudget: 200
# nbConfigurations: 33
# Markers:
     x No test is performed.
     c Configurations are discarded only due to capping.
     - The test is performed and some configurations are discarded.
     = The test is performed but no configuration is discarded.
     ! The test is performed and configurations could be discarded but elite configurations are preserved.
     . All alive configurations are elite and nothing is discarded.

+-+-----------+-----------+-----------+----------------+-----------+--------+-----+----+------+
| |   Instance|      Alive|       Best|       Mean best| Exp so far|  W time|  rho|KenW|  Qvar|
+-+-----------+-----------+-----------+----------------+-----------+--------+-----+----+------+
|x|          1|         33|          1|    -18.00000000|         33|00:05:33|   NA|  NA|    NA|
|x|          2|         33|          1|    -12.50000000|         66|00:11:51|-0.14|0.43|1.1354|
|x|          3|         33|          1|    -10.66666667|         99|00:11:57|-0.19|0.20|1.1521|
|x|          4|         33|          7|    -9.500000000|        132|00:06:28|-0.14|0.15|1.0817|
|=|          5|         33|          7|    -11.00000000|        165|00:09:42|-0.06|0.15|1.0086|
|=|          6|         33|          7|    -12.33333333|        198|00:09:45|-0.03|0.14|0.9772|
+-+-----------+-----------+-----------+----------------+-----------+--------+-----+----+------+
Best-so-far configuration:           7    mean value:     -12.33333333
Description of the best-so-far configuration:
  .ID. population_size elite_percentage mutants_percentage num_elite_parents
7    7            1553           0.3084             0.3019                 5
  total_parents stall_offset pr_percentage pr_minimum_distance
7             6          196        0.4458              0.2577
  num_exchange_individuals alpha_block_size reset_interval
7                        2           1.2441            147
  cantidad_chr_optimizar time_limit_optimizacion porcentaje_tiempo_aplicar_opt
7                      6                     110                        0.4661
  .PARENT.
7       NA

# 2025-12-14 14:12:10 -03: Elite configurations (first number is the configuration ID; listed from best to worst according to the sum of ranks):
   population_size elite_percentage mutants_percentage num_elite_parents
7             1553           0.3084             0.3019                 5
21            1850           0.2537             0.1159                 2
32             751           0.0513             0.3839                 2
1             1909           0.3740             0.1487                 4
5              721           0.3302             0.2800                 2
   total_parents stall_offset pr_percentage pr_minimum_distance
7              6          196        0.4458              0.2577
21             7          334        0.6427              0.2967
32             7          365        0.6849              0.0819
1             10          271        0.1646              0.0858
5              4          321        0.2771              0.0545
   num_exchange_individuals alpha_block_size reset_interval
7                         2           1.2441            147
21                        4           1.2753            249
32                        2           0.6035            206
1                         5           1.4316            257
5                         5           1.0566            289
   cantidad_chr_optimizar time_limit_optimizacion porcentaje_tiempo_aplicar_opt
7                       6                     110                        0.4661
21                     10                     763                        0.3786
32                      6                     793                        0.1973
1                       6                    1892                        0.1411
5                       2                    1655                        0.4911
# 2025-12-14 14:12:10 -03: Iteration 2 of 5
# experimentsUsed: 198
# remainingBudget: 802
# currentBudget: 200
# nbConfigurations: 32
# Markers:
     x No test is performed.
     c Configurations are discarded only due to capping.
     - The test is performed and some configurations are discarded.
     = The test is performed but no configuration is discarded.
     ! The test is performed and configurations could be discarded but elite configurations are preserved.
     . All alive configurations are elite and nothing is discarded.

+-+-----------+-----------+-----------+----------------+-----------+--------+-----+----+------+
| |   Instance|      Alive|       Best|       Mean best| Exp so far|  W time|  rho|KenW|  Qvar|
+-+-----------+-----------+-----------+----------------+-----------+--------+-----+----+------+
|x|          7|         32|          7|    -16.00000000|         32|00:09:56|   NA|  NA|    NA|
|x|          4|         32|          7|    -11.50000000|         59|00:05:15|+0.02|0.51|0.9478|
|x|          6|         32|         38|    -14.33333333|         86|00:08:19|-0.01|0.33|0.9523|
|x|          2|         32|         38|    -12.50000000|        113|00:10:22|+0.03|0.27|0.8777|
|=|          1|         32|         38|    -13.40000000|        140|00:04:43|+0.05|0.24|0.8855|
|=|          5|         32|          7|    -13.83333333|        167|00:08:27|+0.07|0.22|0.8549|
|=|          3|         32|          7|    -12.85714286|        194|00:10:26|+0.05|0.18|0.8980|
+-+-----------+-----------+-----------+----------------+-----------+--------+-----+----+------+
Best-so-far configuration:           7    mean value:     -12.85714286
Description of the best-so-far configuration:
  .ID. population_size elite_percentage mutants_percentage num_elite_parents
7    7            1553           0.3084             0.3019                 5
  total_parents stall_offset pr_percentage pr_minimum_distance
7             6          196        0.4458              0.2577
  num_exchange_individuals alpha_block_size reset_interval
7                        2           1.2441            147
  cantidad_chr_optimizar time_limit_optimizacion porcentaje_tiempo_aplicar_opt
7                      6                     110                        0.4661
  .PARENT.
7       NA

# 2025-12-14 15:09:42 -03: Elite configurations (first number is the configuration ID; listed from best to worst according to the sum of ranks):
   population_size elite_percentage mutants_percentage num_elite_parents
7             1553           0.3084             0.3019                 5
21            1850           0.2537             0.1159                 2
42             986           0.3238             0.1352                 4
45            1681           0.0728             0.3185                 3
32             751           0.0513             0.3839                 2
   total_parents stall_offset pr_percentage pr_minimum_distance
7              6          196        0.4458              0.2577
21             7          334        0.6427              0.2967
42             5          165        0.2047              0.0544
45             8          362        0.5352              0.2940
32             7          365        0.6849              0.0819
   num_exchange_individuals alpha_block_size reset_interval
7                         2           1.2441            147
21                        4           1.2753            249
42                        4           0.8255            269
45                        5           1.2987             58
32                        2           0.6035            206
   cantidad_chr_optimizar time_limit_optimizacion porcentaje_tiempo_aplicar_opt
7                       6                     110                        0.4661
21                     10                     763                        0.3786
42                      3                    1477                        0.3706
45                     10                     561                        0.1340
32                      6                     793                        0.1973
# 2025-12-14 15:09:42 -03: Iteration 3 of 5
# experimentsUsed: 392
# remainingBudget: 608
# currentBudget: 202
# nbConfigurations: 29
# Markers:
     x No test is performed.
     c Configurations are discarded only due to capping.
     - The test is performed and some configurations are discarded.
     = The test is performed but no configuration is discarded.
     ! The test is performed and configurations could be discarded but elite configurations are preserved.
     . All alive configurations are elite and nothing is discarded.

+-+-----------+-----------+-----------+----------------+-----------+--------+-----+----+------+
| |   Instance|      Alive|       Best|       Mean best| Exp so far|  W time|  rho|KenW|  Qvar|
+-+-----------+-----------+-----------+----------------+-----------+--------+-----+----+------+
|x|          8|         29|         62|    -13.00000000|         29|00:09:33|   NA|  NA|    NA|
|x|          1|         29|         76|    -15.00000000|         53|00:04:35|-0.11|0.44|1.0890|
|x|          4|         29|         76|    -12.33333333|         77|00:04:42|+0.04|0.36|0.9519|
|x|          5|         29|         76|    -13.25000000|        101|00:07:41|-0.02|0.24|1.0110|
|=|          3|         29|         76|    -12.00000000|        125|00:09:45|+0.00|0.20|0.9739|
|=|          7|         29|         76|    -12.66666667|        149|00:07:37|+0.01|0.17|0.9638|
|=|          2|         29|         76|    -11.85714286|        173|00:09:45|+0.02|0.16|0.9260|
|=|          6|         29|          7|    -12.75000000|        197|00:07:32|+0.03|0.15|0.9345|
+-+-----------+-----------+-----------+----------------+-----------+--------+-----+----+------+
Best-so-far configuration:           7    mean value:     -12.75000000
Description of the best-so-far configuration:
  .ID. population_size elite_percentage mutants_percentage num_elite_parents
7    7            1553           0.3084             0.3019                 5
  total_parents stall_offset pr_percentage pr_minimum_distance
7             6          196        0.4458              0.2577
  num_exchange_individuals alpha_block_size reset_interval
7                        2           1.2441            147
  cantidad_chr_optimizar time_limit_optimizacion porcentaje_tiempo_aplicar_opt
7                      6                     110                        0.4661
  .PARENT.
7       NA

# 2025-12-14 16:10:56 -03: Elite configurations (first number is the configuration ID; listed from best to worst according to the sum of ranks):
   population_size elite_percentage mutants_percentage num_elite_parents
7             1553           0.3084             0.3019                 5
76             930           0.2113             0.3126                 2
79            1997           0.2281             0.0815                 1
84            1552           0.3669             0.2262                 5
21            1850           0.2537             0.1159                 2
   total_parents stall_offset pr_percentage pr_minimum_distance
7              6          196        0.4458              0.2577
76             6          439        0.9374              0.1199
79             8          223        0.8406              0.2433
84             8          159        0.4594              0.1087
21             7          334        0.6427              0.2967
   num_exchange_individuals alpha_block_size reset_interval
7                         2           1.2441            147
76                        1           0.6325            104
79                        3           1.2157            236
84                        3           0.8268            223
21                        4           1.2753            249
   cantidad_chr_optimizar time_limit_optimizacion porcentaje_tiempo_aplicar_opt
7                       6                     110                        0.4661
76                      5                     329                        0.1303
79                      7                     474                        0.2506
84                      7                     524                        0.2861
21                     10                     763                        0.3786
# 2025-12-14 16:10:56 -03: Iteration 4 of 5
# experimentsUsed: 589
# remainingBudget: 411
# currentBudget: 205
# nbConfigurations: 27
# Markers:
     x No test is performed.
     c Configurations are discarded only due to capping.
     - The test is performed and some configurations are discarded.
     = The test is performed but no configuration is discarded.
     ! The test is performed and configurations could be discarded but elite configurations are preserved.
     . All alive configurations are elite and nothing is discarded.

+-+-----------+-----------+-----------+----------------+-----------+--------+-----+----+------+
| |   Instance|      Alive|       Best|       Mean best| Exp so far|  W time|  rho|KenW|  Qvar|
+-+-----------+-----------+-----------+----------------+-----------+--------+-----+----+------+
|x|          9|         27|          7|    -10.00000000|         27|00:05:06|   NA|  NA|    NA|
|x|          7|         27|         79|    -13.50000000|         49|00:07:08|+0.32|0.66|0.6218|
|x|          6|         27|          7|    -15.00000000|         71|00:06:57|+0.04|0.36|0.8610|
|x|          1|         27|          7|    -15.50000000|         93|00:04:10|+0.19|0.39|0.7834|
|-|          3|         18|          7|    -13.80000000|        115|00:09:21|-0.11|0.11|0.6265|
|=|          4|         18|          7|    -12.66666667|        128|00:03:03|-0.07|0.11|0.6801|
|=|          5|         18|          7|    -13.28571429|        141|00:05:10|-0.03|0.12|0.6952|
|=|          8|         18|          7|    -13.12500000|        154|00:05:16|-0.02|0.11|0.7230|
|=|          2|         18|          7|    -12.44444444|        167|00:06:47|-0.01|0.10|0.7397|
|=|         10|         18|          7|    -14.00000000|        185|00:12:59|+0.04|0.13|0.7306|
+-+-----------+-----------+-----------+----------------+-----------+--------+-----+----+------+
Best-so-far configuration:           7    mean value:     -14.00000000
Description of the best-so-far configuration:
  .ID. population_size elite_percentage mutants_percentage num_elite_parents
7    7            1553           0.3084             0.3019                 5
  total_parents stall_offset pr_percentage pr_minimum_distance
7             6          196        0.4458              0.2577
  num_exchange_individuals alpha_block_size reset_interval
7                        2           1.2441            147
  cantidad_chr_optimizar time_limit_optimizacion porcentaje_tiempo_aplicar_opt
7                      6                     110                        0.4661
  .PARENT.
7       NA

# 2025-12-14 17:16:57 -03: Elite configurations (first number is the configuration ID; listed from best to worst according to the sum of ranks):
    population_size elite_percentage mutants_percentage num_elite_parents
7              1553           0.3084             0.3019                 5
76              930           0.2113             0.3126                 2
103            1841           0.2375             0.1654                 3
99             1615           0.2418             0.1080                 1
79             1997           0.2281             0.0815                 1
    total_parents stall_offset pr_percentage pr_minimum_distance
7               6          196        0.4458              0.2577
76              6          439        0.9374              0.1199
103             7          191        0.9893              0.1542
99              8          181        0.9096              0.1754
79              8          223        0.8406              0.2433
    num_exchange_individuals alpha_block_size reset_interval
7                          2           1.2441            147
76                         1           0.6325            104
103                        2           0.6404            258
99                         3           1.1655            233
79                         3           1.2157            236
    cantidad_chr_optimizar time_limit_optimizacion
7                        6                     110
76                       5                     329
103                      3                     341
99                       8                     970
79                       7                     474
    porcentaje_tiempo_aplicar_opt
7                          0.4661
76                         0.1303
103                        0.2136
99                         0.4200
79                         0.2506
# 2025-12-14 17:16:57 -03: Iteration 5 of 5
# experimentsUsed: 774
# remainingBudget: 226
# currentBudget: 226
# nbConfigurations: 25
# Markers:
     x No test is performed.
     c Configurations are discarded only due to capping.
     - The test is performed and some configurations are discarded.
     = The test is performed but no configuration is discarded.
     ! The test is performed and configurations could be discarded but elite configurations are preserved.
     . All alive configurations are elite and nothing is discarded.

+-+-----------+-----------+-----------+----------------+-----------+--------+-----+----+------+
| |   Instance|      Alive|       Best|       Mean best| Exp so far|  W time|  rho|KenW|  Qvar|
+-+-----------+-----------+-----------+----------------+-----------+--------+-----+----+------+
|x|         11|         25|        111|    -36.00000000|         25|00:04:43|   NA|  NA|    NA|
|x|         10|         25|        111|    -31.50000000|         45|00:14:00|+0.12|0.56|0.8976|
|x|          4|         25|         76|    -23.00000000|         65|00:03:58|+0.00|0.33|0.9697|
|x|          8|         25|         76|    -20.50000000|         85|00:07:05|-0.01|0.24|0.9724|
|=|          2|         25|         76|    -17.80000000|        105|00:09:01|-0.00|0.20|0.9452|
|=|          6|         25|         76|    -17.83333333|        125|00:06:46|-0.02|0.15|0.9686|
|=|          7|         25|         76|    -17.57142857|        145|00:06:48|-0.00|0.14|0.9551|
|=|          3|         25|         76|    -16.25000000|        165|00:09:13|+0.01|0.13|0.9463|
|=|          5|         25|         76|    -16.22222222|        185|00:06:52|+0.04|0.15|0.9223|
|=|          9|         25|         76|    -15.60000000|        205|00:03:54|+0.05|0.14|0.9134|
|-|          1|         14|         76|    -15.72727273|        225|00:03:47|-0.02|0.07|0.7791|
+-+-----------+-----------+-----------+----------------+-----------+--------+-----+----+------+
Best-so-far configuration:          76    mean value:     -15.72727273
Description of the best-so-far configuration:
   .ID. population_size elite_percentage mutants_percentage num_elite_parents
76   76             930           0.2113             0.3126                 2
   total_parents stall_offset pr_percentage pr_minimum_distance
76             6          439        0.9374              0.1199
   num_exchange_individuals alpha_block_size reset_interval
76                        1           0.6325            104
   cantidad_chr_optimizar time_limit_optimizacion porcentaje_tiempo_aplicar_opt
76                      5                     329                        0.1303
   .PARENT.
76       32

# 2025-12-14 18:33:09 -03: Elite configurations (first number is the configuration ID; listed from best to worst according to the sum of ranks):
    population_size elite_percentage mutants_percentage num_elite_parents
76              930           0.2113             0.3126                 2
114            1766           0.3755             0.1947                 2
7              1553           0.3084             0.3019                 5
103            1841           0.2375             0.1654                 3
79             1997           0.2281             0.0815                 1
    total_parents stall_offset pr_percentage pr_minimum_distance
76              6          439        0.9374              0.1199
114             8          216        0.9678              0.1995
7               6          196        0.4458              0.2577
103             7          191        0.9893              0.1542
79              8          223        0.8406              0.2433
    num_exchange_individuals alpha_block_size reset_interval
76                         1           0.6325            104
114                        2           0.5854            202
7                          2           1.2441            147
103                        2           0.6404            258
79                         3           1.2157            236
    cantidad_chr_optimizar time_limit_optimizacion
76                       5                     329
114                      7                     159
7                        6                     110
103                      3                     341
79                       7                     474
    porcentaje_tiempo_aplicar_opt
76                         0.1303
114                        0.1535
7                          0.4661
103                        0.2136
79                         0.2506
# 2025-12-14 18:33:09 -03: Stopped because there is not enough budget left to race more than the minimum (5).
# You may either increase the budget or set 'minNbSurvival' to a lower value.
# Iteration: 6
# nbIterations: 6
# experimentsUsed: 999
# timeUsed: 0
# remainingBudget: 1
# currentBudget: 1
# number of elites: 5
# nbConfigurations: 5
# Total CPU user time: 87303.61, CPU sys time: 50.935, Wall-clock time: 18978.99
